\BOOKMARK [0][-]{chapter*.1}{ABSTRACT}{}% 1
\BOOKMARK [0][-]{chapter*.2}{ABSTRAK}{}% 2
\BOOKMARK [0][-]{section*.3}{CONTENTS}{}% 3
\BOOKMARK [0][-]{section*.5}{LIST OF TABLES}{}% 4
\BOOKMARK [0][-]{section*.7}{LIST OF FIGURES}{}% 5
\BOOKMARK [0][-]{section*.9}{LIST OF TERMS}{}% 6
\BOOKMARK [0][-]{section*.10}{LIST OF NOTATIONS}{}% 7
\BOOKMARK [0][-]{chapter.1}{INDTRODUCTION}{}% 8
\BOOKMARK [1][-]{section.1.1}{Latar belakang masalah}{chapter.1}% 9
\BOOKMARK [1][-]{section.1.2}{Rumusan masalah}{chapter.1}% 10
\BOOKMARK [1][-]{section.1.3}{Tujuan}{chapter.1}% 11
\BOOKMARK [1][-]{section.1.4}{Hipotesis}{chapter.1}% 12
\BOOKMARK [1][-]{section.1.5}{Scope of Work}{chapter.1}% 13
\BOOKMARK [1][-]{section.1.6}{Research Method}{chapter.1}% 14
\BOOKMARK [1][-]{section.1.7}{Metodologi}{chapter.1}% 15
\BOOKMARK [2][-]{subsection.1.7.1}{Studi Literatur}{section.1.7}% 16
\BOOKMARK [2][-]{subsection.1.7.2}{Requirement identification}{section.1.7}% 17
\BOOKMARK [2][-]{subsection.1.7.3}{Perancangan dan Pembuatan Sistem}{section.1.7}% 18
\BOOKMARK [2][-]{subsection.1.7.4}{Implementasi dan Pengujian Sistem}{section.1.7}% 19
\BOOKMARK [2][-]{subsection.1.7.5}{Pengambilan Data dan Analisa Sistem}{section.1.7}% 20
\BOOKMARK [2][-]{subsection.1.7.6}{Kesimpulan dan Saran}{section.1.7}% 21
\BOOKMARK [1][-]{section.1.8}{Schedule}{chapter.1}% 22
\BOOKMARK [0][-]{chapter.2}{REVIEW OF LITERATURE AND STUDIES}{}% 23
\BOOKMARK [1][-]{section.2.1}{Autonomous Trash Collector Robot}{chapter.2}% 24
\BOOKMARK [1][-]{section.2.2}{Autonomous Mobile Robot}{chapter.2}% 25
\BOOKMARK [1][-]{section.2.3}{Mobile Robot Control Architectures}{chapter.2}% 26
\BOOKMARK [1][-]{section.2.4}{Reinforcement Learning}{chapter.2}% 27
\BOOKMARK [2][-]{subsection.2.4.1}{Q learning in robotics}{section.2.4}% 28
\BOOKMARK [0][-]{chapter.3}{RESEARCH METHODOLOGY}{}% 29
\BOOKMARK [1][-]{section.3.1}{Model system dan Skenario}{chapter.3}% 30
\BOOKMARK [1][-]{section.3.2}{Skenario Simulasi }{chapter.3}% 31
\BOOKMARK [1][-]{section.3.3}{Skenario Pengambilan data}{chapter.3}% 32
\BOOKMARK [1][-]{section.3.4}{Skenario Analisis}{chapter.3}% 33
\BOOKMARK [0][-]{Item.21}{BIBLIOGRAPHY}{}% 34
